Cei 3 muschetari
Winner
Mistretii Atomici
Elixir Junior
Black swans
Legalize
Pufuletii
Savage
Konfetti
The Skyrynners
MO si F.O.C.A
Shooting Stars
Defending Champs
The Abusement Park
Chunky Monkees
Chafing the Dream
Ibuprofen and Ben Gay
The Big Egos
Vandelay Industries
The Waiver Wire

--- ROUND NO:1
Cei 3 muschetari                 -                           Winner
Mistretii Atomici                -                    Elixir Junior
Black swans                      -                        Pufuletii
Konfetti                         -                   The Skyrynners
MO si F.O.C.A                    -                 Defending Champs
The Abusement Park               -                   Chunky Monkees
Chafing the Dream                -            Ibuprofen and Ben Gay
The Big Egos                     -                  The Waiver Wire

WINNERS OF ROUND NO:1
Chafing the Dream                - 6.40
Chafing the Dream                - 6.40
The Abusement Park               - 8.40
MO si F.O.C.A                    - 8.20
Konfetti                         - 6.80
Konfetti                         - 6.80
Mistretii Atomici                - 7.20
Winner                           - 9.00

--- ROUND NO:2
Chafing the Dream                -                Chafing the Dream
The Abusement Park               -                    MO si F.O.C.A
Konfetti                         -                         Konfetti
Mistretii Atomici                -                           Winner

WINNERS OF ROUND NO:2
Winner                           - 10.00
Konfetti                         - 7.80
The Abusement Park               - 9.40
Chafing the Dream                - 7.40

--- ROUND NO:3
Winner                           -                         Konfetti
The Abusement Park               -                Chafing the Dream

WINNERS OF ROUND NO:3
The Abusement Park               - 10.40
Winner                           - 11.00

--- ROUND NO:4
The Abusement Park               -                           Winner

WINNER OF ROUND NO:4
Winner                           - 12.00

Winner                           -9.00
The Abusement Park               -8.40
MO si F.O.C.A                    -8.20
Chafing the Dream                -7.40
Mistretii Atomici                -7.20
The Big Egos                     -7.00
Konfetti                         -6.80
Konfetti                         -6.80
